2025-03-18 11:22:51,302 NanoComp 1.24.2 started with arguments Namespace(threads=10, outdir='/homes/rreilman/jaar2/kwartaal3/ZoutStress/metagenomicssalinitystress/QC_data/NanoComp_16S', prefix='', verbose=False, raw=False, store=False, tsv_stats=False, no_static=False, readtype='1D', maxlength=None, minlength=None, barcoded=False, split_runs=False, format=['png'], names=None, colors=None, plot='box', title=None, dpi=100, fasta=None, fastq=['zoet_20_30cm_rep1.fastq', 'zoet_20_30cm_rep2.fastq', 'zout_20_30cm_rep1.fastq', 'zout_20_30cm_rep2.fastq'], fastq_rich=None, summary=None, bam=None, ubam=None, cram=None, pickle=None, feather=None, path='/homes/rreilman/jaar2/kwartaal3/ZoutStress/metagenomicssalinitystress/QC_data/NanoComp_16S/')
2025-03-18 11:22:51,302 Python version is: 3.12.3 | packaged by conda-forge | (main, Apr 15 2024, 18:38:13) [GCC 12.3.0]
2025-03-18 11:22:51,341 Nanoget: Starting to collect statistics from plain fastq file.
2025-03-18 11:22:51,341 Nanoget: Starting to collect statistics from plain fastq file.
2025-03-18 11:22:51,342 Nanoget: Starting to collect statistics from plain fastq file.
2025-03-18 11:22:51,342 Nanoget: Starting to collect statistics from plain fastq file.
2025-03-18 11:22:53,763 Reduced DataFrame memory usage from 1.0232124328613281Mb to 1.0232124328613281Mb
2025-03-18 11:22:54,442 Reduced DataFrame memory usage from 1.3601417541503906Mb to 1.3601417541503906Mb
2025-03-18 11:22:55,927 Reduced DataFrame memory usage from 2.0614662170410156Mb to 2.0614662170410156Mb
2025-03-18 11:23:00,988 Reduced DataFrame memory usage from 4.331180572509766Mb to 4.331180572509766Mb
2025-03-18 11:23:01,044 Nanoget: Gathered all metrics of 575111 reads
2025-03-18 11:23:01,044 Using sequenced read lengths for plotting.
2025-03-18 11:23:01,719 NanoComp: Creating barplots for number of reads and total throughput.
2025-03-18 11:23:03,785 Saved /homes/rreilman/jaar2/kwartaal3/ZoutStress/metagenomicssalinitystress/QC_data/NanoComp_16S/NanoComp_number_of_reads  as png (or png for --legacy)
2025-03-18 11:23:05,770 Saved /homes/rreilman/jaar2/kwartaal3/ZoutStress/metagenomicssalinitystress/QC_data/NanoComp_16S/NanoComp_total_throughput  as png (or png for --legacy)
2025-03-18 11:23:07,676 Saved /homes/rreilman/jaar2/kwartaal3/ZoutStress/metagenomicssalinitystress/QC_data/NanoComp_16S/NanoComp_N50  as png (or png for --legacy)
2025-03-18 11:23:07,679 NanoComp: Creating box plot for lengths.
2025-03-18 11:23:09,901 Saved /homes/rreilman/jaar2/kwartaal3/ZoutStress/metagenomicssalinitystress/QC_data/NanoComp_16S/NanoComp_lengths_box  as png (or png for --legacy)
2025-03-18 11:23:09,906 NanoComp: Creating box plot for log length.
2025-03-18 11:23:12,088 Saved /homes/rreilman/jaar2/kwartaal3/ZoutStress/metagenomicssalinitystress/QC_data/NanoComp_16S/NanoComp_log_length_box  as png (or png for --legacy)
2025-03-18 11:23:12,090 NanoComp: Creating box plot for quals.
2025-03-18 11:23:14,238 Saved /homes/rreilman/jaar2/kwartaal3/ZoutStress/metagenomicssalinitystress/QC_data/NanoComp_16S/NanoComp_quals_box  as png (or png for --legacy)
2025-03-18 11:23:16,146 Saved /homes/rreilman/jaar2/kwartaal3/ZoutStress/metagenomicssalinitystress/QC_data/NanoComp_16S/NanoComp_OverlayHistogram  as png (or png for --legacy)
2025-03-18 11:23:17,954 Saved /homes/rreilman/jaar2/kwartaal3/ZoutStress/metagenomicssalinitystress/QC_data/NanoComp_16S/NanoComp_OverlayHistogram_Normalized  as png (or png for --legacy)
2025-03-18 11:23:19,820 Saved /homes/rreilman/jaar2/kwartaal3/ZoutStress/metagenomicssalinitystress/QC_data/NanoComp_16S/NanoComp_OverlayHistogram_Weighted  as png (or png for --legacy)
2025-03-18 11:23:21,653 Saved /homes/rreilman/jaar2/kwartaal3/ZoutStress/metagenomicssalinitystress/QC_data/NanoComp_16S/NanoComp_OverlayLogHistogram  as png (or png for --legacy)
2025-03-18 11:23:23,452 Saved /homes/rreilman/jaar2/kwartaal3/ZoutStress/metagenomicssalinitystress/QC_data/NanoComp_16S/NanoComp_OverlayLogHistogram_Normalized  as png (or png for --legacy)
2025-03-18 11:23:25,271 Saved /homes/rreilman/jaar2/kwartaal3/ZoutStress/metagenomicssalinitystress/QC_data/NanoComp_16S/NanoComp_OverlayLogHistogram_Weighted  as png (or png for --legacy)
2025-03-18 11:23:25,272 Writing html report.
2025-03-18 11:23:25,308 Succesfully processed all input.
